Analysis & Synthesis report for Lab04
Mon Feb 07 16:20:23 2022
Quartus Prime Version 19.1.0 Build 670 09/22/2019 SJ Lite Edition


---------------------
; Table of Contents ;
---------------------
  1. Legal Notice
  2. Analysis & Synthesis Summary
  3. Analysis & Synthesis Settings
  4. Parallel Compilation
  5. Analysis & Synthesis Source Files Read
  6. Analysis & Synthesis Resource Usage Summary
  7. Analysis & Synthesis Resource Utilization by Entity
  8. Registers Removed During Synthesis
  9. General Register Statistics
 10. Inverted Register Statistics
 11. Multiplexer Restructuring Statistics (Restructuring Performed)
 12. Parameter Settings for User Entity Instance: BancoRegistro:banco
 13. Port Connectivity Checks: "BancoRegistro:banco"
 14. Post-Synthesis Netlist Statistics for Top Partition
 15. Elapsed Time Per Partition
 16. Analysis & Synthesis Messages



----------------
; Legal Notice ;
----------------
Copyright (C) 2019  Intel Corporation. All rights reserved.
Your use of Intel Corporation's design tools, logic functions 
and other software and tools, and any partner logic 
functions, and any output files from any of the foregoing 
(including device programming or simulation files), and any 
associated documentation or information are expressly subject 
to the terms and conditions of the Intel Program License 
Subscription Agreement, the Intel Quartus Prime License Agreement,
the Intel FPGA IP License Agreement, or other applicable license
agreement, including, without limitation, that your use is for
the sole purpose of programming logic devices manufactured by
Intel and sold by Intel or its authorized distributors.  Please
refer to the applicable agreement for further details, at
https://fpgasoftware.intel.com/eula.



+----------------------------------------------------------------------------------+
; Analysis & Synthesis Summary                                                     ;
+------------------------------------+---------------------------------------------+
; Analysis & Synthesis Status        ; Successful - Mon Feb 07 16:20:23 2022       ;
; Quartus Prime Version              ; 19.1.0 Build 670 09/22/2019 SJ Lite Edition ;
; Revision Name                      ; Lab04                                       ;
; Top-level Entity Name              ; Lab04                                       ;
; Family                             ; Cyclone IV E                                ;
; Total logic elements               ; 90                                          ;
;     Total combinational functions  ; 70                                          ;
;     Dedicated logic registers      ; 49                                          ;
; Total registers                    ; 49                                          ;
; Total pins                         ; 30                                          ;
; Total virtual pins                 ; 0                                           ;
; Total memory bits                  ; 0                                           ;
; Embedded Multiplier 9-bit elements ; 0                                           ;
; Total PLLs                         ; 0                                           ;
+------------------------------------+---------------------------------------------+


+------------------------------------------------------------------------------------------------------------+
; Analysis & Synthesis Settings                                                                              ;
+------------------------------------------------------------------+--------------------+--------------------+
; Option                                                           ; Setting            ; Default Value      ;
+------------------------------------------------------------------+--------------------+--------------------+
; Top-level entity name                                            ; Lab04              ; Lab04              ;
; Family name                                                      ; Cyclone IV E       ; Cyclone V          ;
; Use smart compilation                                            ; Off                ; Off                ;
; Enable parallel Assembler and Timing Analyzer during compilation ; On                 ; On                 ;
; Enable compact report table                                      ; Off                ; Off                ;
; Restructure Multiplexers                                         ; Auto               ; Auto               ;
; Create Debugging Nodes for IP Cores                              ; Off                ; Off                ;
; Preserve fewer node names                                        ; On                 ; On                 ;
; Intel FPGA IP Evaluation Mode                                    ; Enable             ; Enable             ;
; Verilog Version                                                  ; Verilog_2001       ; Verilog_2001       ;
; VHDL Version                                                     ; VHDL_1993          ; VHDL_1993          ;
; State Machine Processing                                         ; Auto               ; Auto               ;
; Safe State Machine                                               ; Off                ; Off                ;
; Extract Verilog State Machines                                   ; On                 ; On                 ;
; Extract VHDL State Machines                                      ; On                 ; On                 ;
; Ignore Verilog initial constructs                                ; Off                ; Off                ;
; Iteration limit for constant Verilog loops                       ; 5000               ; 5000               ;
; Iteration limit for non-constant Verilog loops                   ; 250                ; 250                ;
; Add Pass-Through Logic to Inferred RAMs                          ; On                 ; On                 ;
; Infer RAMs from Raw Logic                                        ; On                 ; On                 ;
; Parallel Synthesis                                               ; On                 ; On                 ;
; DSP Block Balancing                                              ; Auto               ; Auto               ;
; NOT Gate Push-Back                                               ; On                 ; On                 ;
; Power-Up Don't Care                                              ; On                 ; On                 ;
; Remove Redundant Logic Cells                                     ; Off                ; Off                ;
; Remove Duplicate Registers                                       ; On                 ; On                 ;
; Ignore CARRY Buffers                                             ; Off                ; Off                ;
; Ignore CASCADE Buffers                                           ; Off                ; Off                ;
; Ignore GLOBAL Buffers                                            ; Off                ; Off                ;
; Ignore ROW GLOBAL Buffers                                        ; Off                ; Off                ;
; Ignore LCELL Buffers                                             ; Off                ; Off                ;
; Ignore SOFT Buffers                                              ; On                 ; On                 ;
; Limit AHDL Integers to 32 Bits                                   ; Off                ; Off                ;
; Optimization Technique                                           ; Balanced           ; Balanced           ;
; Carry Chain Length                                               ; 70                 ; 70                 ;
; Auto Carry Chains                                                ; On                 ; On                 ;
; Auto Open-Drain Pins                                             ; On                 ; On                 ;
; Perform WYSIWYG Primitive Resynthesis                            ; Off                ; Off                ;
; Auto ROM Replacement                                             ; On                 ; On                 ;
; Auto RAM Replacement                                             ; On                 ; On                 ;
; Auto DSP Block Replacement                                       ; On                 ; On                 ;
; Auto Shift Register Replacement                                  ; Auto               ; Auto               ;
; Allow Shift Register Merging across Hierarchies                  ; Auto               ; Auto               ;
; Auto Clock Enable Replacement                                    ; On                 ; On                 ;
; Strict RAM Replacement                                           ; Off                ; Off                ;
; Allow Synchronous Control Signals                                ; On                 ; On                 ;
; Force Use of Synchronous Clear Signals                           ; Off                ; Off                ;
; Auto RAM Block Balancing                                         ; On                 ; On                 ;
; Auto RAM to Logic Cell Conversion                                ; Off                ; Off                ;
; Auto Resource Sharing                                            ; Off                ; Off                ;
; Allow Any RAM Size For Recognition                               ; Off                ; Off                ;
; Allow Any ROM Size For Recognition                               ; Off                ; Off                ;
; Allow Any Shift Register Size For Recognition                    ; Off                ; Off                ;
; Use LogicLock Constraints during Resource Balancing              ; On                 ; On                 ;
; Ignore translate_off and synthesis_off directives                ; Off                ; Off                ;
; Timing-Driven Synthesis                                          ; On                 ; On                 ;
; Report Parameter Settings                                        ; On                 ; On                 ;
; Report Source Assignments                                        ; On                 ; On                 ;
; Report Connectivity Checks                                       ; On                 ; On                 ;
; Ignore Maximum Fan-Out Assignments                               ; Off                ; Off                ;
; Synchronization Register Chain Length                            ; 2                  ; 2                  ;
; Power Optimization During Synthesis                              ; Normal compilation ; Normal compilation ;
; HDL message level                                                ; Level2             ; Level2             ;
; Suppress Register Optimization Related Messages                  ; Off                ; Off                ;
; Number of Removed Registers Reported in Synthesis Report         ; 5000               ; 5000               ;
; Number of Swept Nodes Reported in Synthesis Report               ; 5000               ; 5000               ;
; Number of Inverted Registers Reported in Synthesis Report        ; 100                ; 100                ;
; Clock MUX Protection                                             ; On                 ; On                 ;
; Auto Gated Clock Conversion                                      ; Off                ; Off                ;
; Block Design Naming                                              ; Auto               ; Auto               ;
; SDC constraint protection                                        ; Off                ; Off                ;
; Synthesis Effort                                                 ; Auto               ; Auto               ;
; Shift Register Replacement - Allow Asynchronous Clear Signal     ; On                 ; On                 ;
; Pre-Mapping Resynthesis Optimization                             ; Off                ; Off                ;
; Analysis & Synthesis Message Level                               ; Medium             ; Medium             ;
; Disable Register Merging Across Hierarchies                      ; Auto               ; Auto               ;
; Resource Aware Inference For Block RAM                           ; On                 ; On                 ;
+------------------------------------------------------------------+--------------------+--------------------+


+------------------------------------------+
; Parallel Compilation                     ;
+----------------------------+-------------+
; Processors                 ; Number      ;
+----------------------------+-------------+
; Number detected on machine ; 12          ;
; Maximum allowed            ; 12          ;
;                            ;             ;
; Average used               ; 1.00        ;
; Maximum used               ; 12          ;
;                            ;             ;
; Usage by Processor         ; % Time Used ;
;     Processor 1            ; 100.0%      ;
;     Processor 2            ;   0.0%      ;
;     Processors 3-12        ;   0.0%      ;
+----------------------------+-------------+


+-------------------------------------------------------------------------------------------------------------------------------------------------------------------------+
; Analysis & Synthesis Source Files Read                                                                                                                                  ;
+----------------------------------+-----------------+------------------------+---------------------------------------------------------------------------------+---------+
; File Name with User-Entered Path ; Used in Netlist ; File Type              ; File Name with Absolute Path                                                    ; Library ;
+----------------------------------+-----------------+------------------------+---------------------------------------------------------------------------------+---------+
; ../src/display.v                 ; yes             ; User Verilog HDL File  ; D:/Users/jsgj2/Documents/GitHub/lab04-2021-2-grupo01-2021-2/src/display.v       ;         ;
; ../src/BCDtoSSeg.v               ; yes             ; User Verilog HDL File  ; D:/Users/jsgj2/Documents/GitHub/lab04-2021-2-grupo01-2021-2/src/BCDtoSSeg.v     ;         ;
; ../src/BancoRegistro.v           ; yes             ; User Verilog HDL File  ; D:/Users/jsgj2/Documents/GitHub/lab04-2021-2-grupo01-2021-2/src/BancoRegistro.v ;         ;
; Lab04.v                          ; yes             ; User Verilog HDL File  ; D:/Users/jsgj2/Documents/GitHub/lab04-2021-2-grupo01-2021-2/Lab04/Lab04.v       ;         ;
; reg.txt                          ; yes             ; Auto-Found File        ; D:/Users/jsgj2/Documents/GitHub/lab04-2021-2-grupo01-2021-2/Lab04/reg.txt       ;         ;
+----------------------------------+-----------------+------------------------+---------------------------------------------------------------------------------+---------+


+---------------------------------------------------------+
; Analysis & Synthesis Resource Usage Summary             ;
+---------------------------------------------+-----------+
; Resource                                    ; Usage     ;
+---------------------------------------------+-----------+
; Estimated Total logic elements              ; 90        ;
;                                             ;           ;
; Total combinational functions               ; 70        ;
; Logic element usage by number of LUT inputs ;           ;
;     -- 4 input functions                    ; 39        ;
;     -- 3 input functions                    ; 10        ;
;     -- <=2 input functions                  ; 21        ;
;                                             ;           ;
; Logic elements by mode                      ;           ;
;     -- normal mode                          ; 62        ;
;     -- arithmetic mode                      ; 8         ;
;                                             ;           ;
; Total registers                             ; 49        ;
;     -- Dedicated logic registers            ; 49        ;
;     -- I/O registers                        ; 0         ;
;                                             ;           ;
; I/O pins                                    ; 30        ;
;                                             ;           ;
; Embedded Multiplier 9-bit elements          ; 0         ;
;                                             ;           ;
; Maximum fan-out node                        ; clk~input ;
; Maximum fan-out                             ; 41        ;
; Total fan-out                               ; 407       ;
; Average fan-out                             ; 2.27      ;
+---------------------------------------------+-----------+


+------------------------------------------------------------------------------------------------------------------------------------------------------------------------------------------------------------------------------------+
; Analysis & Synthesis Resource Utilization by Entity                                                                                                                                                                                ;
+-----------------------------+---------------------+---------------------------+-------------+--------------+---------+-----------+------+--------------+--------------------------------------------+---------------+--------------+
; Compilation Hierarchy Node  ; Combinational ALUTs ; Dedicated Logic Registers ; Memory Bits ; DSP Elements ; DSP 9x9 ; DSP 18x18 ; Pins ; Virtual Pins ; Full Hierarchy Name                        ; Entity Name   ; Library Name ;
+-----------------------------+---------------------+---------------------------+-------------+--------------+---------+-----------+------+--------------+--------------------------------------------+---------------+--------------+
; |Lab04                      ; 70 (0)              ; 49 (0)                    ; 0           ; 0            ; 0       ; 0         ; 30   ; 0            ; |Lab04                                     ; Lab04         ; work         ;
;    |BancoRegistro:banco|    ; 26 (26)             ; 32 (32)                   ; 0           ; 0            ; 0       ; 0         ; 0    ; 0            ; |Lab04|BancoRegistro:banco                 ; BancoRegistro ; work         ;
;    |display:display|        ; 44 (37)             ; 17 (17)                   ; 0           ; 0            ; 0       ; 0         ; 0    ; 0            ; |Lab04|display:display                     ; display       ; work         ;
;       |BCDtoSSeg:bcdtosseg| ; 7 (7)               ; 0 (0)                     ; 0           ; 0            ; 0       ; 0         ; 0    ; 0            ; |Lab04|display:display|BCDtoSSeg:bcdtosseg ; BCDtoSSeg     ; work         ;
+-----------------------------+---------------------+---------------------------+-------------+--------------+---------+-----------+------+--------------+--------------------------------------------+---------------+--------------+
Note: For table entries with two numbers listed, the numbers in parentheses indicate the number of resources of the given type used by the specific entity alone. The numbers listed outside of parentheses indicate the total resources of the given type used by the specific entity and all of its sub-entities in the hierarchy.


+---------------------------------------------------------------------------------+
; Registers Removed During Synthesis                                              ;
+----------------------------------------+----------------------------------------+
; Register name                          ; Reason for Removal                     ;
+----------------------------------------+----------------------------------------+
; display:display|an[2,3]                ; Stuck at VCC due to stuck port data_in ;
; display:display|cfreq[9..26]           ; Lost fanout                            ;
; Total Number of Removed Registers = 20 ;                                        ;
+----------------------------------------+----------------------------------------+


+------------------------------------------------------+
; General Register Statistics                          ;
+----------------------------------------------+-------+
; Statistic                                    ; Value ;
+----------------------------------------------+-------+
; Total registers                              ; 49    ;
; Number of registers using Synchronous Clear  ; 11    ;
; Number of registers using Synchronous Load   ; 0     ;
; Number of registers using Asynchronous Clear ; 0     ;
; Number of registers using Asynchronous Load  ; 0     ;
; Number of registers using Clock Enable       ; 32    ;
; Number of registers using Preset             ; 0     ;
+----------------------------------------------+-------+


+---------------------------------------------------+
; Inverted Register Statistics                      ;
+-----------------------------------------+---------+
; Inverted Register                       ; Fan out ;
+-----------------------------------------+---------+
; BancoRegistro:banco|breg[4][0]          ; 1       ;
; BancoRegistro:banco|breg[2][0]          ; 1       ;
; BancoRegistro:banco|breg[6][1]          ; 1       ;
; BancoRegistro:banco|breg[0][1]          ; 1       ;
; BancoRegistro:banco|breg[3][1]          ; 2       ;
; BancoRegistro:banco|breg[5][2]          ; 2       ;
; BancoRegistro:banco|breg[6][2]          ; 1       ;
; BancoRegistro:banco|breg[4][2]          ; 1       ;
; BancoRegistro:banco|breg[2][2]          ; 1       ;
; BancoRegistro:banco|breg[7][3]          ; 2       ;
; BancoRegistro:banco|breg[2][3]          ; 1       ;
; BancoRegistro:banco|breg[0][3]          ; 1       ;
; Total number of inverted registers = 12 ;         ;
+-----------------------------------------+---------+


+-----------------------------------------------------------------------------------------------------------------------------------------------------+
; Multiplexer Restructuring Statistics (Restructuring Performed)                                                                                      ;
+--------------------+-----------+---------------+----------------------+------------------------+------------+---------------------------------------+
; Multiplexer Inputs ; Bus Width ; Baseline Area ; Area if Restructured ; Saving if Restructured ; Registered ; Example Multiplexer Output            ;
+--------------------+-----------+---------------+----------------------+------------------------+------------+---------------------------------------+
; 3:1                ; 2 bits    ; 4 LEs         ; 2 LEs                ; 2 LEs                  ; Yes        ; |Lab04|BancoRegistro:banco|breg[0][0] ;
; 3:1                ; 4 bits    ; 8 LEs         ; 4 LEs                ; 4 LEs                  ; Yes        ; |Lab04|BancoRegistro:banco|breg[1][3] ;
; 3:1                ; 3 bits    ; 6 LEs         ; 3 LEs                ; 3 LEs                  ; Yes        ; |Lab04|BancoRegistro:banco|breg[3][3] ;
; 3:1                ; 2 bits    ; 4 LEs         ; 2 LEs                ; 2 LEs                  ; Yes        ; |Lab04|BancoRegistro:banco|breg[4][3] ;
; 3:1                ; 3 bits    ; 6 LEs         ; 3 LEs                ; 3 LEs                  ; Yes        ; |Lab04|BancoRegistro:banco|breg[5][3] ;
; 3:1                ; 2 bits    ; 4 LEs         ; 2 LEs                ; 2 LEs                  ; Yes        ; |Lab04|BancoRegistro:banco|breg[6][3] ;
; 3:1                ; 3 bits    ; 6 LEs         ; 3 LEs                ; 3 LEs                  ; Yes        ; |Lab04|BancoRegistro:banco|breg[7][1] ;
; 17:1               ; 4 bits    ; 44 LEs        ; 20 LEs               ; 24 LEs                 ; Yes        ; |Lab04|display:display|bcd[3]         ;
; 3:1                ; 2 bits    ; 4 LEs         ; 2 LEs                ; 2 LEs                  ; Yes        ; |Lab04|BancoRegistro:banco|breg[0][1] ;
; 3:1                ; 3 bits    ; 6 LEs         ; 3 LEs                ; 3 LEs                  ; Yes        ; |Lab04|BancoRegistro:banco|breg[2][0] ;
; 3:1                ; 2 bits    ; 4 LEs         ; 2 LEs                ; 2 LEs                  ; Yes        ; |Lab04|BancoRegistro:banco|breg[4][0] ;
; 3:1                ; 2 bits    ; 4 LEs         ; 2 LEs                ; 2 LEs                  ; Yes        ; |Lab04|BancoRegistro:banco|breg[6][1] ;
+--------------------+-----------+---------------+----------------------+------------------------+------------+---------------------------------------+


+------------------------------------------------------------------+
; Parameter Settings for User Entity Instance: BancoRegistro:banco ;
+----------------+-------+-----------------------------------------+
; Parameter Name ; Value ; Type                                    ;
+----------------+-------+-----------------------------------------+
; BIT_ADDR       ; 3     ; Signed Integer                          ;
; BIT_DATO       ; 4     ; Signed Integer                          ;
+----------------+-------+-----------------------------------------+
Note: In order to hide this table in the UI and the text report file, please set the "Show Parameter Settings in Synthesis Report" option in "Analysis and Synthesis Settings -> More Settings" to "Off".


+--------------------------------------------------------------------------------------------------------------------------------------------------------------------------------------------------------------+
; Port Connectivity Checks: "BancoRegistro:banco"                                                                                                                                                              ;
+--------+-------+----------+----------------------------------------------------------------------------------------------------------------------------------------------------------------------------------+
; Port   ; Type  ; Severity ; Details                                                                                                                                                                          ;
+--------+-------+----------+----------------------------------------------------------------------------------------------------------------------------------------------------------------------------------+
; addrRa ; Input ; Warning  ; Input port expression (4 bits) is wider than the input port (3 bits) it drives.  The 1 most-significant bit(s) in the expression will be dangling if they have no other fanouts. ;
; addrRb ; Input ; Warning  ; Input port expression (4 bits) is wider than the input port (3 bits) it drives.  The 1 most-significant bit(s) in the expression will be dangling if they have no other fanouts. ;
+--------+-------+----------+----------------------------------------------------------------------------------------------------------------------------------------------------------------------------------+


+-----------------------------------------------------+
; Post-Synthesis Netlist Statistics for Top Partition ;
+-----------------------+-----------------------------+
; Type                  ; Count                       ;
+-----------------------+-----------------------------+
; boundary_port         ; 30                          ;
; cycloneiii_ff         ; 49                          ;
;     ENA               ; 32                          ;
;     SCLR              ; 11                          ;
;     plain             ; 6                           ;
; cycloneiii_lcell_comb ; 72                          ;
;     arith             ; 8                           ;
;         2 data inputs ; 8                           ;
;     normal            ; 64                          ;
;         0 data inputs ; 1                           ;
;         1 data inputs ; 2                           ;
;         2 data inputs ; 12                          ;
;         3 data inputs ; 10                          ;
;         4 data inputs ; 39                          ;
;                       ;                             ;
; Max LUT depth         ; 4.00                        ;
; Average LUT depth     ; 2.28                        ;
+-----------------------+-----------------------------+


+-------------------------------+
; Elapsed Time Per Partition    ;
+----------------+--------------+
; Partition Name ; Elapsed Time ;
+----------------+--------------+
; Top            ; 00:00:00     ;
+----------------+--------------+


+-------------------------------+
; Analysis & Synthesis Messages ;
+-------------------------------+
Info: *******************************************************************
Info: Running Quartus Prime Analysis & Synthesis
    Info: Version 19.1.0 Build 670 09/22/2019 SJ Lite Edition
    Info: Processing started: Mon Feb 07 16:20:10 2022
Info: Command: quartus_map --read_settings_files=on --write_settings_files=off Lab04 -c Lab04
Warning (18236): Number of processors has not been specified which may cause overloading on shared machines.  Set the global assignment NUM_PARALLEL_PROCESSORS in your QSF to an appropriate value for best performance.
Info (20030): Parallel compilation is enabled and will use 12 of the 12 processors detected
Info (12021): Found 1 design units, including 1 entities, in source file /users/jsgj2/documents/github/lab04-2021-2-grupo01-2021-2/src/display.v
    Info (12023): Found entity 1: display File: D:/Users/jsgj2/Documents/GitHub/lab04-2021-2-grupo01-2021-2/src/display.v Line: 2
Info (12021): Found 1 design units, including 1 entities, in source file /users/jsgj2/documents/github/lab04-2021-2-grupo01-2021-2/src/bcdtosseg.v
    Info (12023): Found entity 1: BCDtoSSeg File: D:/Users/jsgj2/Documents/GitHub/lab04-2021-2-grupo01-2021-2/src/BCDtoSSeg.v Line: 1
Info (12021): Found 1 design units, including 1 entities, in source file /users/jsgj2/documents/github/lab04-2021-2-grupo01-2021-2/src/bancoregistro.v
    Info (12023): Found entity 1: BancoRegistro File: D:/Users/jsgj2/Documents/GitHub/lab04-2021-2-grupo01-2021-2/src/BancoRegistro.v Line: 21
Info (12021): Found 1 design units, including 1 entities, in source file lab04.v
    Info (12023): Found entity 1: Lab04 File: D:/Users/jsgj2/Documents/GitHub/lab04-2021-2-grupo01-2021-2/Lab04/Lab04.v Line: 1
Warning (10236): Verilog HDL Implicit Net warning at display.v(23): created implicit net for "led" File: D:/Users/jsgj2/Documents/GitHub/lab04-2021-2-grupo01-2021-2/src/display.v Line: 23
Info (12127): Elaborating entity "Lab04" for the top level hierarchy
Info (12128): Elaborating entity "BancoRegistro" for hierarchy "BancoRegistro:banco" File: D:/Users/jsgj2/Documents/GitHub/lab04-2021-2-grupo01-2021-2/Lab04/Lab04.v Line: 15
Info (12128): Elaborating entity "display" for hierarchy "display:display" File: D:/Users/jsgj2/Documents/GitHub/lab04-2021-2-grupo01-2021-2/Lab04/Lab04.v Line: 16
Warning (10036): Verilog HDL or VHDL warning at display.v(23): object "led" assigned a value but never read File: D:/Users/jsgj2/Documents/GitHub/lab04-2021-2-grupo01-2021-2/src/display.v Line: 23
Warning (10230): Verilog HDL assignment warning at display.v(28): truncated value with size 32 to match size of target (27) File: D:/Users/jsgj2/Documents/GitHub/lab04-2021-2-grupo01-2021-2/src/display.v Line: 28
Warning (10230): Verilog HDL assignment warning at display.v(38): truncated value with size 32 to match size of target (2) File: D:/Users/jsgj2/Documents/GitHub/lab04-2021-2-grupo01-2021-2/src/display.v Line: 38
Info (12128): Elaborating entity "BCDtoSSeg" for hierarchy "display:display|BCDtoSSeg:bcdtosseg" File: D:/Users/jsgj2/Documents/GitHub/lab04-2021-2-grupo01-2021-2/src/display.v Line: 15
Warning (12241): 1 hierarchies have connectivity warnings - see the Connectivity Checks report folder
Warning (13024): Output pins are stuck at VCC or GND
    Warning (13410): Pin "an[2]" is stuck at VCC File: D:/Users/jsgj2/Documents/GitHub/lab04-2021-2-grupo01-2021-2/Lab04/Lab04.v Line: 3
    Warning (13410): Pin "an[3]" is stuck at VCC File: D:/Users/jsgj2/Documents/GitHub/lab04-2021-2-grupo01-2021-2/Lab04/Lab04.v Line: 3
Info (286030): Timing-Driven Synthesis is running
Info (17049): 18 registers lost all their fanouts during netlist optimizations.
Info (16010): Generating hard_block partition "hard_block:auto_generated_inst"
    Info (16011): Adding 0 node(s), including 0 DDIO, 0 PLL, 0 transceiver and 0 LCELL
Warning (21074): Design contains 2 input pin(s) that do not drive logic
    Warning (15610): No output dependent on input pin "addrRa[3]" File: D:/Users/jsgj2/Documents/GitHub/lab04-2021-2-grupo01-2021-2/Lab04/Lab04.v Line: 4
    Warning (15610): No output dependent on input pin "addrRb[3]" File: D:/Users/jsgj2/Documents/GitHub/lab04-2021-2-grupo01-2021-2/Lab04/Lab04.v Line: 5
Info (21057): Implemented 128 device resources after synthesis - the final resource count might be different
    Info (21058): Implemented 19 input pins
    Info (21059): Implemented 11 output pins
    Info (21061): Implemented 98 logic cells
Info: Quartus Prime Analysis & Synthesis was successful. 0 errors, 12 warnings
    Info: Peak virtual memory: 4817 megabytes
    Info: Processing ended: Mon Feb 07 16:20:23 2022
    Info: Elapsed time: 00:00:13
    Info: Total CPU time (on all processors): 00:00:30


